Copyright 1986-2022 Xilinx, Inc. All Rights Reserved. Copyright 2022-2025 Advanced Micro Devices, Inc. All Rights Reserved.
-----------------------------------------------------------------------------------------------------------------------------------------------------------------------------
| Tool Version : Vivado v.2025.2 (win64) Build 6299465 Fri Nov 14 19:35:11 GMT 2025
| Date         : Sat Apr 18 17:06:20 2026
| Host         : LAPTOP-QOCHRTAO running 64-bit major release  (build 9200)
| Command      : report_methodology -file gals_top_mpmc_methodology_drc_routed.rpt -pb gals_top_mpmc_methodology_drc_routed.pb -rpx gals_top_mpmc_methodology_drc_routed.rpx
| Design       : gals_top_mpmc
| Device       : xc7a35tcpg236-1
| Speed File   : -1
| Design State : Fully Routed
-----------------------------------------------------------------------------------------------------------------------------------------------------------------------------

Report Methodology

Table of Contents
-----------------
1. REPORT SUMMARY
2. REPORT DETAILS

1. REPORT SUMMARY
-----------------
            Netlist: netlist
          Floorplan: design_1
      Design limits: <entire design considered>
             Max checks: <unlimited>
             Checks found: 6
+-----------+----------+-------------------------------+--------+
| Rule      | Severity | Description                   | Checks |
+-----------+----------+-------------------------------+--------+
| TIMING-18 | Warning  | Missing input or output delay | 6      |
+-----------+----------+-------------------------------+--------+

2. REPORT DETAILS
-----------------
TIMING-18#1 Warning
Missing input or output delay  
An input delay is missing on rst_B_n relative to the rising and/or falling clock edge(s) of clk_B_virt.
Related violations: <none>

TIMING-18#2 Warning
Missing input or output delay  
An input delay is missing on rst_C1_n relative to the rising and/or falling clock edge(s) of clk_C1_virt.
Related violations: <none>

TIMING-18#3 Warning
Missing input or output delay  
An input delay is missing on rst_C2_n relative to the rising and/or falling clock edge(s) of clk_C2_virt.
Related violations: <none>

TIMING-18#4 Warning
Missing input or output delay  
An input delay is missing on rst_P1_n relative to the rising and/or falling clock edge(s) of clk_P1_virt.
Related violations: <none>

TIMING-18#5 Warning
Missing input or output delay  
An input delay is missing on rst_P2_n relative to the rising and/or falling clock edge(s) of clk_P2_virt.
Related violations: <none>

TIMING-18#6 Warning
Missing input or output delay  
An input delay is missing on rst_P3_n relative to the rising and/or falling clock edge(s) of clk_P3_virt.
Related violations: <none>


