Copyright 1986-2022 Xilinx, Inc. All Rights Reserved. Copyright 2022-2025 Advanced Micro Devices, Inc. All Rights Reserved.
---------------------------------------------------------------------------------------------------------------------------------------------
| Tool Version : Vivado v.2025.2 (win64) Build 6299465 Fri Nov 14 19:35:11 GMT 2025
| Date         : Sat Apr 18 17:05:42 2026
| Host         : LAPTOP-QOCHRTAO running 64-bit major release  (build 9200)
| Command      : report_control_sets -verbose -file gals_top_mpmc_control_sets_placed.rpt
| Design       : gals_top_mpmc
| Device       : xc7a35t
---------------------------------------------------------------------------------------------------------------------------------------------

Control Set Information

Table of Contents
-----------------
1. Summary
2. Histogram
3. Flip-Flop Distribution
4. Detailed Control Set Information

1. Summary
----------

+----------------------------------------------------------+-------+
|                          Status                          | Count |
+----------------------------------------------------------+-------+
| Total control sets                                       |    21 |
|    Minimum number of control sets                        |    21 |
|    Addition due to synthesis replication                 |     0 |
|    Addition due to physical synthesis replication        |     0 |
| Unused register locations in slices containing registers |    25 |
+----------------------------------------------------------+-------+
* Control sets can be merged at opt_design using control_set_merge or merge_equivalent_drivers
** Run report_qor_suggestions for automated merging and remapping suggestions


2. Histogram
------------

+--------------------+-------+
|       Fanout       | Count |
+--------------------+-------+
| Total control sets |    21 |
| >= 0 to < 4        |     0 |
| >= 4 to < 6        |     0 |
| >= 6 to < 8        |     0 |
| >= 8 to < 10       |    10 |
| >= 10 to < 12      |     0 |
| >= 12 to < 14      |     5 |
| >= 14 to < 16      |     0 |
| >= 16              |     6 |
+--------------------+-------+
* Control sets can be remapped at either synth_design or opt_design


3. Flip-Flop Distribution
-------------------------

+--------------+-----------------------+------------------------+-----------------+--------------+
| Clock Enable | Synchronous Set/Reset | Asynchronous Set/Reset | Total Registers | Total Slices |
+--------------+-----------------------+------------------------+-----------------+--------------+
| No           | No                    | No                     |               0 |            0 |
| No           | No                    | Yes                    |             223 |           53 |
| No           | Yes                   | No                     |               0 |            0 |
| Yes          | No                    | No                     |              40 |            7 |
| Yes          | No                    | Yes                    |              40 |           10 |
| Yes          | Yes                   | No                     |               0 |            0 |
+--------------+-----------------------+------------------------+-----------------+--------------+


4. Detailed Control Set Information
-----------------------------------

+-------------------+---------------------------------------------+---------------------------------------------+------------------+----------------+--------------+
|    Clock Signal   |                Enable Signal                |               Set/Reset Signal              | Slice Load Count | Bel Load Count | Bels / Slice |
+-------------------+---------------------------------------------+---------------------------------------------+------------------+----------------+--------------+
|  clk_B_IBUF_BUFG  | u_arbiter/en0_0                             |                                             |                2 |              8 |         4.00 |
|  clk_B_IBUF_BUFG  | u_arbiter/en0                               |                                             |                2 |              8 |         4.00 |
|  clk_B_IBUF_BUFG  | u_arbiter/en0_1                             |                                             |                1 |              8 |         8.00 |
|  clk_C2_IBUF_BUFG | u_out_fifo_2/sync_w2r/en0                   |                                             |                1 |              8 |         8.00 |
|  clk_C2_IBUF_BUFG | out_r_en_2_pipe                             | u_out_fifo_2/sync_w2r/AR[0]                 |                1 |              8 |         8.00 |
|  clk_C1_IBUF_BUFG | out_r_en_1_pipe                             | u_out_fifo_1/sync_w2r/AR[0]                 |                2 |              8 |         4.00 |
|  clk_C1_IBUF_BUFG | u_out_fifo_1/sync_w2r/en0                   |                                             |                1 |              8 |         8.00 |
|  clk_P1_IBUF_BUFG | gen_input_fifos[0].u_in_fifo/w_cnt/E[0]     | gen_input_fifos[0].u_in_fifo/sync_r2w/AR[0] |                2 |              8 |         4.00 |
|  clk_P2_IBUF_BUFG | gen_input_fifos[1].u_in_fifo/w_cnt/E[0]     | gen_input_fifos[1].u_in_fifo/sync_r2w/AR[0] |                2 |              8 |         4.00 |
|  clk_P3_IBUF_BUFG | gen_input_fifos[2].u_in_fifo/w_cnt/E[0]     | gen_input_fifos[2].u_in_fifo/sync_r2w/AR[0] |                3 |              8 |         2.67 |
|  clk_B_IBUF_BUFG  | u_arbiter/en01_out                          |                                             |                2 |             12 |         6.00 |
|  clk_B_IBUF_BUFG  | u_arbiter/en01_out_2                        |                                             |                2 |             12 |         6.00 |
|  clk_P1_IBUF_BUFG | gen_input_fifos[0].u_in_fifo/w_cnt/en01_out |                                             |                2 |             12 |         6.00 |
|  clk_P2_IBUF_BUFG | gen_input_fifos[1].u_in_fifo/w_cnt/en01_out |                                             |                2 |             12 |         6.00 |
|  clk_P3_IBUF_BUFG | gen_input_fifos[2].u_in_fifo/w_cnt/en01_out |                                             |                2 |             12 |         6.00 |
|  clk_P1_IBUF_BUFG |                                             | gen_input_fifos[0].u_in_fifo/sync_r2w/AR[0] |                5 |             20 |         4.00 |
|  clk_P2_IBUF_BUFG |                                             | gen_input_fifos[1].u_in_fifo/sync_r2w/AR[0] |                5 |             20 |         4.00 |
|  clk_P3_IBUF_BUFG |                                             | gen_input_fifos[2].u_in_fifo/sync_r2w/AR[0] |                4 |             20 |         5.00 |
|  clk_C2_IBUF_BUFG |                                             | u_out_fifo_2/sync_w2r/AR[0]                 |                7 |             29 |         4.14 |
|  clk_C1_IBUF_BUFG |                                             | u_out_fifo_1/sync_w2r/AR[0]                 |                6 |             29 |         4.83 |
|  clk_B_IBUF_BUFG  |                                             | u_out_fifo_2/sync_r2w/AR[0]                 |               26 |            105 |         4.04 |
+-------------------+---------------------------------------------+---------------------------------------------+------------------+----------------+--------------+


