Time resolution is 1 ps
=================================================
STARTING GALS-MPMC ADVANCED FAULT SIMULATION
=================================================
[ 50.000 ns] 🟢 All Domains Online. Normal Dispatching...
[250.000 ns] [Consumer 1] Processed Data: 30
[287.500 ns] [Consumer 2] Processed Data: 10
[330.000 ns] [Consumer 1] Processed Data: 20
[387.500 ns] [Consumer 2] Processed Data: 31
[390.000 ns] [Consumer 1] Processed Data: 11
[430.000 ns] [Consumer 1] Processed Data: 32
[437.500 ns] [Consumer 2] Processed Data: 21
[470.000 ns] [Consumer 1] Processed Data: 22
[487.500 ns] [Consumer 2] Processed Data: 12
[510.000 ns] [Consumer 1] Processed Data: 13
[537.500 ns] [Consumer 2] Processed Data: 33
[550.000 ns] [Consumer 1] Processed Data: 34
[587.500 ns] [Consumer 2] Processed Data: 23
[590.000 ns] [Consumer 1] Processed Data: 24
[630.000 ns] [Consumer 1] Processed Data: 15
[637.500 ns] [Consumer 2] Processed Data: 14
[670.000 ns] [Consumer 1] Processed Data: 36
[687.500 ns] [Consumer 2] Processed Data: 35
[710.000 ns] [Consumer 1] Processed Data: 26
[737.500 ns] [Consumer 2] Processed Data: 25
[750.000 ns] [Consumer 1] Processed Data: 17
[787.500 ns] [Consumer 2] Processed Data: 16
[790.000 ns] [Consumer 1] Processed Data: 38
[830.000 ns] [Consumer 1] Processed Data: 28
[837.500 ns] [Consumer 2] Processed Data: 37
[862.500 ns] [Consumer 2] Processed Data: 27
[870.000 ns] [Consumer 1] Processed Data: 19
[887.500 ns] [Consumer 2] Processed Data: 18
[910.000 ns] [Consumer 1] Processed Data: 3a
[912.500 ns] [Consumer 2] Processed Data: 39
[937.500 ns] [Consumer 2] Processed Data: 29
[950.000 ns] [Consumer 1] Processed Data: 2a
[962.500 ns] [Consumer 2] Processed Data: 1a
[987.500 ns] [Consumer 2] Processed Data: 3b
[990.000 ns] [Consumer 1] Processed Data: 1b
=================================================
STARTING GALS-MPMC ADVANCED FAULT SIMULATION
=================================================
[ 50.000 ns] 🟢 All Domains Online. Normal Dispatching...
[250.000 ns] [Consumer 1] Processed Data: 30
[287.500 ns] [Consumer 2] Processed Data: 10
[330.000 ns] [Consumer 1] Processed Data: 20
[387.500 ns] [Consumer 2] Processed Data: 31
[390.000 ns] [Consumer 1] Processed Data: 11
[430.000 ns] [Consumer 1] Processed Data: 32
[437.500 ns] [Consumer 2] Processed Data: 21
[470.000 ns] [Consumer 1] Processed Data: 22
[487.500 ns] [Consumer 2] Processed Data: 12
[510.000 ns] [Consumer 1] Processed Data: 13
[537.500 ns] [Consumer 2] Processed Data: 33
[550.000 ns] [Consumer 1] Processed Data: 34
[587.500 ns] [Consumer 2] Processed Data: 23
[590.000 ns] [Consumer 1] Processed Data: 24
[630.000 ns] [Consumer 1] Processed Data: 15
[637.500 ns] [Consumer 2] Processed Data: 14
[670.000 ns] [Consumer 1] Processed Data: 36
[687.500 ns] [Consumer 2] Processed Data: 35
[710.000 ns] [Consumer 1] Processed Data: 26
[737.500 ns] [Consumer 2] Processed Data: 25
[750.000 ns] [Consumer 1] Processed Data: 17
[787.500 ns] [Consumer 2] Processed Data: 16
[790.000 ns] [Consumer 1] Processed Data: 38
[830.000 ns] [Consumer 1] Processed Data: 28
[837.500 ns] [Consumer 2] Processed Data: 37
[862.500 ns] [Consumer 2] Processed Data: 27
[870.000 ns] [Consumer 1] Processed Data: 19
[887.500 ns] [Consumer 2] Processed Data: 18
[910.000 ns] [Consumer 1] Processed Data: 3a
[912.500 ns] [Consumer 2] Processed Data: 39
[937.500 ns] [Consumer 2] Processed Data: 29
[950.000 ns] [Consumer 1] Processed Data: 2a
[962.500 ns] [Consumer 2] Processed Data: 1a
[987.500 ns] [Consumer 2] Processed Data: 3b
[990.000 ns] [Consumer 1] Processed Data: 1b
[1012.500 ns] [Consumer 2] Processed Data: 2b
[1030.000 ns] [Consumer 1] Processed Data: 3c
[1037.500 ns] [Consumer 2] Processed Data: 1c
[1050.000 ns] [Consumer 1] Processed Data: 2c
[1062.500 ns] [Consumer 2] Processed Data: 3d
[1070.000 ns] [Consumer 1] Processed Data: 1d
[1087.500 ns] [Consumer 2] Processed Data: 2d
[1090.000 ns] [Consumer 1] Processed Data: 3e
[1110.000 ns] [Consumer 1] Processed Data: 2e
[1112.500 ns] [Consumer 2] Processed Data: 1e
[1130.000 ns] [Consumer 1] Processed Data: 1f
[1137.500 ns] [Consumer 2] Processed Data: 3f
[1150.000 ns] [Consumer 1] Processed Data: 40
[1162.500 ns] [Consumer 2] Processed Data: 2f
[1170.000 ns] [Consumer 1] Processed Data: 30
[1187.500 ns] [Consumer 2] Processed Data: 20
[1190.000 ns] [Consumer 1] Processed Data: 21
[1210.000 ns] [Consumer 1] Processed Data: 42
[1212.500 ns] [Consumer 2] Processed Data: 41
[1237.500 ns] [Consumer 2] Processed Data: 31
[1250.000 ns] [Consumer 1] Processed Data: 32
[1262.500 ns] [Consumer 2] Processed Data: 22
[1287.500 ns] [Consumer 2] Processed Data: 43
[1290.000 ns] [Consumer 1] Processed Data: 23
[1312.500 ns] [Consumer 2] Processed Data: 33
[1330.000 ns] [Consumer 1] Processed Data: 44
[1337.500 ns] [Consumer 2] Processed Data: 24
[1370.000 ns] [Consumer 1] Processed Data: 34
[1387.500 ns] [Consumer 2] Processed Data: 45
[1410.000 ns] [Consumer 1] Processed Data: 25
[1437.500 ns] [Consumer 2] Processed Data: 35
[1450.000 ns] [Consumer 1] Processed Data: 46
[1487.500 ns] [Consumer 2] Processed Data: 26
[1490.000 ns] [Consumer 1] Processed Data: 36
[1530.000 ns] [Consumer 1] Processed Data: 27
[1537.500 ns] [Consumer 2] Processed Data: 47
[1570.000 ns] [Consumer 1] Processed Data: 48
[1587.500 ns] [Consumer 2] Processed Data: 37
[1590.000 ns] [Consumer 1] Processed Data: 38
[1610.000 ns] [Consumer 1] Processed Data: 29
[1612.500 ns] [Consumer 2] Processed Data: 28
[1630.000 ns] [Consumer 1] Processed Data: 4a
[1637.500 ns] [Consumer 2] Processed Data: 49
[1650.000 ns] [Consumer 1] Processed Data: 3a
[1662.500 ns] [Consumer 2] Processed Data: 39
[1670.000 ns] [Consumer 1] Processed Data: 2b
[1687.500 ns] [Consumer 2] Processed Data: 2a
[1690.000 ns] [Consumer 1] Processed Data: 4c
[1710.000 ns] [Consumer 1] Processed Data: 3c
[1712.500 ns] [Consumer 2] Processed Data: 4b
[1730.000 ns] [Consumer 1] Processed Data: 2d
[1737.500 ns] [Consumer 2] Processed Data: 3b
[1750.000 ns] [Consumer 1] Processed Data: 4e
[1762.500 ns] [Consumer 2] Processed Data: 2c
[1787.500 ns] [Consumer 2] Processed Data: 4d
[1790.000 ns] [Consumer 1] Processed Data: 3e
[1812.500 ns] [Consumer 2] Processed Data: 3d
[1830.000 ns] [Consumer 1] Processed Data: 2f
[1837.500 ns] [Consumer 2] Processed Data: 2e
[1862.500 ns] [Consumer 2] Processed Data: 4f
[1870.000 ns] [Consumer 1] Processed Data: 50
[1887.500 ns] [Consumer 2] Processed Data: 3f
[1910.000 ns] [Consumer 1] Processed Data: 40
[1912.500 ns] [Consumer 2] Processed Data: 30
[1937.500 ns] [Consumer 2] Processed Data: 51
[1950.000 ns] [Consumer 1] Processed Data: 31
[1962.500 ns] [Consumer 2] Processed Data: 41
[1987.500 ns] [Consumer 2] Processed Data: 32
[1990.000 ns] [Consumer 1] Processed Data: 52
[2012.500 ns] [Consumer 2] Processed Data: 53
[2030.000 ns] [Consumer 1] Processed Data: 42
[2037.500 ns] [Consumer 2] Processed Data: 43
-------------------------------------------------
[2050.000 ns] GLITCH INJECTED: 1ns Transient Reset Spike on P1
-------------------------------------------------
[2062.500 ns] [Consumer 2] Processed Data: 34
[2070.000 ns] [Consumer 1] Processed Data: 33
[2087.500 ns] [Consumer 2] Processed Data: 55
[2110.000 ns] [Consumer 1] Processed Data: 54
[2130.000 ns] [Consumer 1] Processed Data: 44
[2137.500 ns] [Consumer 2] Processed Data: 45
[2150.000 ns] [Consumer 1] Processed Data: 35
[2170.000 ns] [Consumer 1] Processed Data: 56
[2187.500 ns] [Consumer 2] Processed Data: 36
[2190.000 ns] [Consumer 1] Processed Data: 46
[2210.000 ns] [Consumer 1] Processed Data: 37
[2230.000 ns] [Consumer 1] Processed Data: 58
[2237.500 ns] [Consumer 2] Processed Data: 57
[2250.000 ns] [Consumer 1] Processed Data: 48
[2270.000 ns] [Consumer 1] Processed Data: 39
[2287.500 ns] [Consumer 2] Processed Data: 47
[2290.000 ns] [Consumer 1] Processed Data: 5a
[2330.000 ns] [Consumer 1] Processed Data: 4a
[2337.500 ns] [Consumer 2] Processed Data: 38
[2362.500 ns] [Consumer 2] Processed Data: 59
[2370.000 ns] [Consumer 1] Processed Data: 3b
[2387.500 ns] [Consumer 2] Processed Data: 49
[2410.000 ns] [Consumer 1] Processed Data: 5c
[2412.500 ns] [Consumer 2] Processed Data: 3a
[2437.500 ns] [Consumer 2] Processed Data: 5b
[2450.000 ns] [Consumer 1] Processed Data: 4c
[2462.500 ns] [Consumer 2] Processed Data: 4b
[2487.500 ns] [Consumer 2] Processed Data: 3c
[2490.000 ns] [Consumer 1] Processed Data: 3d
[2512.500 ns] [Consumer 2] Processed Data: 5d
[2530.000 ns] [Consumer 1] Processed Data: 5e
[2537.500 ns] [Consumer 2] Processed Data: 4d
[2562.500 ns] [Consumer 2] Processed Data: 3e
[2570.000 ns] [Consumer 1] Processed Data: 4e
[2587.500 ns] [Consumer 2] Processed Data: 5f
[2610.000 ns] [Consumer 1] Processed Data: 3f
[2612.500 ns] [Consumer 2] Processed Data: 4f
[2637.500 ns] [Consumer 2] Processed Data: 10
[2650.000 ns] [Consumer 1] Processed Data: 60
[2662.500 ns] [Consumer 2] Processed Data: 61
[2687.500 ns] [Consumer 2] Processed Data: 51
[2690.000 ns] [Consumer 1] Processed Data: 50
[2710.000 ns] [Consumer 1] Processed Data: 11
[2712.500 ns] [Consumer 2] Processed Data: 12
[2730.000 ns] [Consumer 1] Processed Data: 62
[2737.500 ns] [Consumer 2] Processed Data: 63
[2750.000 ns] [Consumer 1] Processed Data: 52
[2762.500 ns] [Consumer 2] Processed Data: 53
[2770.000 ns] [Consumer 1] Processed Data: 13
[2787.500 ns] [Consumer 2] Processed Data: 14
[2790.000 ns] [Consumer 1] Processed Data: 64
[2810.000 ns] [Consumer 1] Processed Data: 54
[2812.500 ns] [Consumer 2] Processed Data: 65
[2830.000 ns] [Consumer 1] Processed Data: 55
[2850.000 ns] [Consumer 1] Processed Data: 25
[2862.500 ns] [Consumer 2] Processed Data: 66
[2870.000 ns] [Consumer 1] Processed Data: 67
[2890.000 ns] [Consumer 1] Processed Data: 57
[2912.500 ns] [Consumer 2] Processed Data: 56
[2930.000 ns] [Consumer 1] Processed Data: 27
[2962.500 ns] [Consumer 2] Processed Data: 26
[2970.000 ns] [Consumer 1] Processed Data: 69
[3010.000 ns] [Consumer 1] Processed Data: 59
[3012.500 ns] [Consumer 2] Processed Data: 68
[3050.000 ns] [Consumer 1] Processed Data: 29
[3062.500 ns] [Consumer 2] Processed Data: 58
[3087.500 ns] [Consumer 2] Processed Data: 28
[3090.000 ns] [Consumer 1] Processed Data: 6b
[3112.500 ns] [Consumer 2] Processed Data: 6a
[3130.000 ns] [Consumer 1] Processed Data: 5b
[3137.500 ns] [Consumer 2] Processed Data: 5a
[3162.500 ns] [Consumer 2] Processed Data: 2a
[3170.000 ns] [Consumer 1] Processed Data: 2b
[3187.500 ns] [Consumer 2] Processed Data: 6c
[3210.000 ns] [Consumer 1] Processed Data: 6d
[3212.500 ns] [Consumer 2] Processed Data: 5c
[3237.500 ns] [Consumer 2] Processed Data: 2c
[3250.000 ns] [Consumer 1] Processed Data: 5d
[3262.500 ns] [Consumer 2] Processed Data: 6e
[3287.500 ns] [Consumer 2] Processed Data: 5e
[3290.000 ns] [Consumer 1] Processed Data: 2d
[3310.000 ns] [Consumer 1] Processed Data: 6f
[3312.500 ns] [Consumer 2] Processed Data: 2e
[3330.000 ns] [Consumer 1] Processed Data: 5f
[3337.500 ns] [Consumer 2] Processed Data: 70
[3350.000 ns] [Consumer 1] Processed Data: 2f
[3362.500 ns] [Consumer 2] Processed Data: 60
[3370.000 ns] [Consumer 1] Processed Data: 71
[3387.500 ns] [Consumer 2] Processed Data: 30
[3390.000 ns] [Consumer 1] Processed Data: 61
[3410.000 ns] [Consumer 1] Processed Data: 31
[3412.500 ns] [Consumer 2] Processed Data: 72
[3430.000 ns] [Consumer 1] Processed Data: 73
[3437.500 ns] [Consumer 2] Processed Data: 62
[3450.000 ns] [Consumer 1] Processed Data: 63
[3462.500 ns] [Consumer 2] Processed Data: 32
[3470.000 ns] [Consumer 1] Processed Data: 33
[3487.500 ns] [Consumer 2] Processed Data: 74
[3490.000 ns] [Consumer 1] Processed Data: 75
[3512.500 ns] [Consumer 2] Processed Data: 64
[3530.000 ns] [Consumer 1] Processed Data: 65
[3537.500 ns] [Consumer 2] Processed Data: 34
[3562.500 ns] [Consumer 2] Processed Data: 76
[3570.000 ns] [Consumer 1] Processed Data: 35
[3610.000 ns] [Consumer 1] Processed Data: 77
[3612.500 ns] [Consumer 2] Processed Data: 66
[3650.000 ns] [Consumer 1] Processed Data: 67
[3662.500 ns] [Consumer 2] Processed Data: 36
[3690.000 ns] [Consumer 1] Processed Data: 37
[3712.500 ns] [Consumer 2] Processed Data: 78
[3730.000 ns] [Consumer 1] Processed Data: 79
[3762.500 ns] [Consumer 2] Processed Data: 68
[3770.000 ns] [Consumer 1] Processed Data: 69
[3810.000 ns] [Consumer 1] Processed Data: 39
[3812.500 ns] [Consumer 2] Processed Data: 38
[3837.500 ns] [Consumer 2] Processed Data: 7a
[3850.000 ns] [Consumer 1] Processed Data: 7b
[3862.500 ns] [Consumer 2] Processed Data: 6a
[3887.500 ns] [Consumer 2] Processed Data: 3a
[3890.000 ns] [Consumer 1] Processed Data: 6b
[3910.000 ns] [Consumer 1] Processed Data: 3b
[3912.500 ns] [Consumer 2] Processed Data: 7c
[3930.000 ns] [Consumer 1] Processed Data: 7d
[3937.500 ns] [Consumer 2] Processed Data: 6c
[3950.000 ns] [Consumer 1] Processed Data: 6d
[3962.500 ns] [Consumer 2] Processed Data: 3c
[3970.000 ns] [Consumer 1] Processed Data: 3d
[3987.500 ns] [Consumer 2] Processed Data: 7e
[3990.000 ns] [Consumer 1] Processed Data: 7f
[4010.000 ns] [Consumer 1] Processed Data: 6f
[4012.500 ns] [Consumer 2] Processed Data: 6e
[4030.000 ns] [Consumer 1] Processed Data: 3f
[4037.500 ns] [Consumer 2] Processed Data: 3e
[4050.000 ns] [Consumer 1] Processed Data: 81
[4062.500 ns] [Consumer 2] Processed Data: 80
[4070.000 ns] [Consumer 1] Processed Data: 71
[4087.500 ns] [Consumer 2] Processed Data: 70
[4090.000 ns] [Consumer 1] Processed Data: 41
[4112.500 ns] [Consumer 2] Processed Data: 40
[4130.000 ns] [Consumer 1] Processed Data: 83
[4137.500 ns] [Consumer 2] Processed Data: 82
[4162.500 ns] [Consumer 2] Processed Data: 72
[4170.000 ns] [Consumer 1] Processed Data: 73
[4187.500 ns] [Consumer 2] Processed Data: 42
[4210.000 ns] [Consumer 1] Processed Data: 43
[4212.500 ns] [Consumer 2] Processed Data: 84
[4237.500 ns] [Consumer 2] Processed Data: 74
[4250.000 ns] [Consumer 1] Processed Data: 85
[4262.500 ns] [Consumer 2] Processed Data: 44
[4287.500 ns] [Consumer 2] Processed Data: 86
[4290.000 ns] [Consumer 1] Processed Data: 75
[4312.500 ns] [Consumer 2] Processed Data: 76
[4330.000 ns] [Consumer 1] Processed Data: 45
[4362.500 ns] [Consumer 2] Processed Data: 46
[4370.000 ns] [Consumer 1] Processed Data: 87
[4410.000 ns] [Consumer 1] Processed Data: 77
[4412.500 ns] [Consumer 2] Processed Data: 88
[4450.000 ns] [Consumer 1] Processed Data: 47
[4462.500 ns] [Consumer 2] Processed Data: 78
[4490.000 ns] [Consumer 1] Processed Data: 89
[4510.000 ns] [Consumer 1] Processed Data: 79
[4512.500 ns] [Consumer 2] Processed Data: 48
[4530.000 ns] [Consumer 1] Processed Data: 49
[4550.000 ns] [Consumer 1] Processed Data: 8b
-------------------------------------------------
[4551.000 ns] CONSUMER FAULT: C2 Offline (Testing Backpressure)
-------------------------------------------------
[4570.000 ns] [Consumer 1] Processed Data: 7b
[4590.000 ns] [Consumer 1] Processed Data: 4b
[4610.000 ns] [Consumer 1] Processed Data: 8d
[4630.000 ns] [Consumer 1] Processed Data: 7d
[4650.000 ns] [Consumer 1] Processed Data: 4d
[4670.000 ns] [Consumer 1] Processed Data: 8f
[4690.000 ns] [Consumer 1] Processed Data: 7f
[4730.000 ns] [Consumer 1] Processed Data: 4f
[4770.000 ns] [Consumer 1] Processed Data: 91
[4810.000 ns] [Consumer 1] Processed Data: 81
[4850.000 ns] [Consumer 1] Processed Data: 51
[4890.000 ns] [Consumer 1] Processed Data: 93
[4930.000 ns] [Consumer 1] Processed Data: 83
[4970.000 ns] [Consumer 1] Processed Data: 53
[5010.000 ns] [Consumer 1] Processed Data: 95
[5050.000 ns] [Consumer 1] Processed Data: 85
[5090.000 ns] [Consumer 1] Processed Data: 55
[5110.000 ns] [Consumer 1] Processed Data: 97
[5130.000 ns] [Consumer 1] Processed Data: 87
[5150.000 ns] [Consumer 1] Processed Data: 57
[5170.000 ns] [Consumer 1] Processed Data: 99
[5190.000 ns] [Consumer 1] Processed Data: 89
[5210.000 ns] [Consumer 1] Processed Data: 59
[5230.000 ns] [Consumer 1] Processed Data: 9b
[5250.000 ns] [Consumer 1] Processed Data: 8b
[5270.000 ns] [Consumer 1] Processed Data: 5b
[5290.000 ns] [Consumer 1] Processed Data: 9d
[5330.000 ns] [Consumer 1] Processed Data: 8d
[5370.000 ns] [Consumer 1] Processed Data: 5d
[5410.000 ns] [Consumer 1] Processed Data: 9f
[5450.000 ns] [Consumer 1] Processed Data: 8f
[5490.000 ns] [Consumer 1] Processed Data: 5f
[5530.000 ns] [Consumer 1] Processed Data: a1
[5550.000 ns] [Consumer 1] Processed Data: 91
[5570.000 ns] [Consumer 1] Processed Data: 61
[5590.000 ns] [Consumer 1] Processed Data: a3
[5610.000 ns] [Consumer 1] Processed Data: 93
[5630.000 ns] [Consumer 1] Processed Data: 63
[5650.000 ns] [Consumer 1] Processed Data: a5
[5670.000 ns] [Consumer 1] Processed Data: 95
[5690.000 ns] [Consumer 1] Processed Data: a6
[5710.000 ns] [Consumer 1] Processed Data: 65
[5730.000 ns] [Consumer 1] Processed Data: 96
[5750.000 ns] [Consumer 1] Processed Data: a7
[5770.000 ns] [Consumer 1] Processed Data: 66
[5790.000 ns] [Consumer 1] Processed Data: 97
[5810.000 ns] [Consumer 1] Processed Data: a8
[5830.000 ns] [Consumer 1] Processed Data: 67
[5850.000 ns] [Consumer 1] Processed Data: 98
[5870.000 ns] [Consumer 1] Processed Data: a9
[5890.000 ns] [Consumer 1] Processed Data: 68
[5910.000 ns] [Consumer 1] Processed Data: 99
[5930.000 ns] [Consumer 1] Processed Data: aa
[5950.000 ns] [Consumer 1] Processed Data: 69
[5970.000 ns] [Consumer 1] Processed Data: 9a
[5990.000 ns] [Consumer 1] Processed Data: ab
[6010.000 ns] [Consumer 1] Processed Data: 6a
[6030.000 ns] [Consumer 1] Processed Data: 9b
[6050.000 ns] [Consumer 1] Processed Data: ac
[6070.000 ns] [Consumer 1] Processed Data: 6b
[6090.000 ns] [Consumer 1] Processed Data: 9c
[6110.000 ns] [Consumer 1] Processed Data: ad
[6130.000 ns] [Consumer 1] Processed Data: 6c
[6150.000 ns] [Consumer 1] Processed Data: 9d
[6170.000 ns] [Consumer 1] Processed Data: ae
[6190.000 ns] [Consumer 1] Processed Data: 6d
[6210.000 ns] [Consumer 1] Processed Data: 9e
[6230.000 ns] [Consumer 1] Processed Data: af
[6250.000 ns] [Consumer 1] Processed Data: 6e
[6270.000 ns] [Consumer 1] Processed Data: 9f
[6290.000 ns] [Consumer 1] Processed Data: b0
[6310.000 ns] [Consumer 1] Processed Data: 6f
[6330.000 ns] [Consumer 1] Processed Data: a0
[6350.000 ns] [Consumer 1] Processed Data: b1
[6370.000 ns] [Consumer 1] Processed Data: 70
[6390.000 ns] [Consumer 1] Processed Data: a1
[6410.000 ns] [Consumer 1] Processed Data: b2
[6430.000 ns] [Consumer 1] Processed Data: 71
[6450.000 ns] [Consumer 1] Processed Data: a2
[6470.000 ns] [Consumer 1] Processed Data: b3
[6490.000 ns] [Consumer 1] Processed Data: 72
[6510.000 ns] [Consumer 1] Processed Data: a3
[6530.000 ns] [Consumer 1] Processed Data: b4
[6550.000 ns] [Consumer 1] Processed Data: 73
[6570.000 ns] [Consumer 1] Processed Data: a4
[6590.000 ns] [Consumer 1] Processed Data: b5
[6610.000 ns] [Consumer 1] Processed Data: 74
[6630.000 ns] [Consumer 1] Processed Data: a5
[6650.000 ns] [Consumer 1] Processed Data: b6
[6670.000 ns] [Consumer 1] Processed Data: 75
[6690.000 ns] [Consumer 1] Processed Data: a6
[6710.000 ns] [Consumer 1] Processed Data: b7
[6730.000 ns] [Consumer 1] Processed Data: 76
[6750.000 ns] [Consumer 1] Processed Data: a7
[6770.000 ns] [Consumer 1] Processed Data: b8
[6790.000 ns] [Consumer 1] Processed Data: 77
[6810.000 ns] [Consumer 1] Processed Data: a8
[6830.000 ns] [Consumer 1] Processed Data: b9
[6850.000 ns] [Consumer 1] Processed Data: 78
[6870.000 ns] [Consumer 1] Processed Data: a9
[6890.000 ns] [Consumer 1] Processed Data: ba
[6910.000 ns] [Consumer 1] Processed Data: 79
[6930.000 ns] [Consumer 1] Processed Data: aa
[6950.000 ns] [Consumer 1] Processed Data: bb
[6970.000 ns] [Consumer 1] Processed Data: 7a
[6990.000 ns] [Consumer 1] Processed Data: ab
[7010.000 ns] [Consumer 1] Processed Data: bc
[7030.000 ns] [Consumer 1] Processed Data: 7b
[7050.000 ns] [Consumer 1] Processed Data: ac
[7070.000 ns] [Consumer 1] Processed Data: bd
[7090.000 ns] [Consumer 1] Processed Data: 7c
[7110.000 ns] [Consumer 1] Processed Data: ad
[7130.000 ns] [Consumer 1] Processed Data: be
[7150.000 ns] [Consumer 1] Processed Data: 7d
[7170.000 ns] [Consumer 1] Processed Data: ae
[7190.000 ns] [Consumer 1] Processed Data: bf
[7210.000 ns] [Consumer 1] Processed Data: 7e
[7230.000 ns] [Consumer 1] Processed Data: af
[7250.000 ns] [Consumer 1] Processed Data: c0
[7270.000 ns] [Consumer 1] Processed Data: 7f
[7290.000 ns] [Consumer 1] Processed Data: b0
[7310.000 ns] [Consumer 1] Processed Data: c1
[7330.000 ns] [Consumer 1] Processed Data: 80
[7350.000 ns] [Consumer 1] Processed Data: b1
[7370.000 ns] [Consumer 1] Processed Data: c2
[7390.000 ns] [Consumer 1] Processed Data: 81
[7410.000 ns] [Consumer 1] Processed Data: b2
[7430.000 ns] [Consumer 1] Processed Data: c3
[7450.000 ns] [Consumer 1] Processed Data: 82
[7470.000 ns] [Consumer 1] Processed Data: b3
[7490.000 ns] [Consumer 1] Processed Data: c4
[7510.000 ns] [Consumer 1] Processed Data: 83
[7530.000 ns] [Consumer 1] Processed Data: b4
[7550.000 ns] [Consumer 1] Processed Data: c5
[7570.000 ns] [Consumer 1] Processed Data: 84
[7590.000 ns] [Consumer 1] Processed Data: b5
[7610.000 ns] [Consumer 1] Processed Data: c6
[7630.000 ns] [Consumer 1] Processed Data: 85
[7650.000 ns] [Consumer 1] Processed Data: b6
[7670.000 ns] [Consumer 1] Processed Data: c7
[7690.000 ns] [Consumer 1] Processed Data: 86
[7710.000 ns] [Consumer 1] Processed Data: b7
[7730.000 ns] [Consumer 1] Processed Data: c8
[7750.000 ns] [Consumer 1] Processed Data: 87
[7770.000 ns] [Consumer 1] Processed Data: b8
[7790.000 ns] [Consumer 1] Processed Data: c9
[7810.000 ns] [Consumer 1] Processed Data: 88
[7830.000 ns] [Consumer 1] Processed Data: b9
[7850.000 ns] [Consumer 1] Processed Data: ca
[7870.000 ns] [Consumer 1] Processed Data: 89
[7890.000 ns] [Consumer 1] Processed Data: ba
[7910.000 ns] [Consumer 1] Processed Data: cb
[7930.000 ns] [Consumer 1] Processed Data: 8a
[7950.000 ns] [Consumer 1] Processed Data: bb
[7970.000 ns] [Consumer 1] Processed Data: cc
[7990.000 ns] [Consumer 1] Processed Data: 8b
[8010.000 ns] [Consumer 1] Processed Data: bc
[8030.000 ns] [Consumer 1] Processed Data: cd
[8050.000 ns] [Consumer 1] Processed Data: 8c
[8070.000 ns] [Consumer 1] Processed Data: bd
[8090.000 ns] [Consumer 1] Processed Data: ce
[8110.000 ns] [Consumer 1] Processed Data: 8d
[8130.000 ns] [Consumer 1] Processed Data: be
[8150.000 ns] [Consumer 1] Processed Data: cf
[8170.000 ns] [Consumer 1] Processed Data: 8e
[8190.000 ns] [Consumer 1] Processed Data: bf
[8210.000 ns] [Consumer 1] Processed Data: d0
[8230.000 ns] [Consumer 1] Processed Data: 8f
[8250.000 ns] [Consumer 1] Processed Data: c0
[8270.000 ns] [Consumer 1] Processed Data: d1
[8290.000 ns] [Consumer 1] Processed Data: 90
[8310.000 ns] [Consumer 1] Processed Data: c1
[8330.000 ns] [Consumer 1] Processed Data: d2
[8350.000 ns] [Consumer 1] Processed Data: 91
[8370.000 ns] [Consumer 1] Processed Data: c2
[8390.000 ns] [Consumer 1] Processed Data: d3
[8410.000 ns] [Consumer 1] Processed Data: 92
[8430.000 ns] [Consumer 1] Processed Data: c3
[8450.000 ns] [Consumer 1] Processed Data: d4
[8470.000 ns] [Consumer 1] Processed Data: 93
[8490.000 ns] [Consumer 1] Processed Data: c4
[8510.000 ns] [Consumer 1] Processed Data: d5
[8530.000 ns] [Consumer 1] Processed Data: 94
[8550.000 ns] [Consumer 1] Processed Data: c5
-------------------------------------------------
[8551.000 ns] RECOVERY: C2 Online (Releasing Backpressure)
-------------------------------------------------
[8570.000 ns] [Consumer 1] Processed Data: d6
[8590.000 ns] [Consumer 1] Processed Data: 95
[8610.000 ns] [Consumer 1] Processed Data: c6
[8630.000 ns] [Consumer 1] Processed Data: d7
[8650.000 ns] [Consumer 1] Processed Data: 96
[8662.500 ns] [Consumer 2] Processed Data: 5a
[8670.000 ns] [Consumer 1] Processed Data: c7
[8687.500 ns] [Consumer 2] Processed Data: 9c
[8690.000 ns] [Consumer 1] Processed Data: d8
[8710.000 ns] [Consumer 1] Processed Data: 97
[8712.500 ns] [Consumer 2] Processed Data: 8c
[8730.000 ns] [Consumer 1] Processed Data: c8
[8737.500 ns] [Consumer 2] Processed Data: 5c
[8750.000 ns] [Consumer 1] Processed Data: d9
[8762.500 ns] [Consumer 2] Processed Data: 9e
[8770.000 ns] [Consumer 1] Processed Data: 98
[8787.500 ns] [Consumer 2] Processed Data: 8e
[8790.000 ns] [Consumer 1] Processed Data: c9
[8810.000 ns] [Consumer 1] Processed Data: da
[8812.500 ns] [Consumer 2] Processed Data: 5e
[8830.000 ns] [Consumer 1] Processed Data: 99
[8837.500 ns] [Consumer 2] Processed Data: a0
[8850.000 ns] [Consumer 1] Processed Data: ca
[8862.500 ns] [Consumer 2] Processed Data: 90
[8870.000 ns] [Consumer 1] Processed Data: db
[8887.500 ns] [Consumer 2] Processed Data: 60
[8890.000 ns] [Consumer 1] Processed Data: 9a
[8910.000 ns] [Consumer 1] Processed Data: cb
[8912.500 ns] [Consumer 2] Processed Data: a2
[8930.000 ns] [Consumer 1] Processed Data: dc
[8937.500 ns] [Consumer 2] Processed Data: 92
[8950.000 ns] [Consumer 1] Processed Data: 9b
[8962.500 ns] [Consumer 2] Processed Data: 62
[8970.000 ns] [Consumer 1] Processed Data: dd
[8987.500 ns] [Consumer 2] Processed Data: a4
[8990.000 ns] [Consumer 1] Processed Data: cd
[9010.000 ns] [Consumer 1] Processed Data: 9d
[9012.500 ns] [Consumer 2] Processed Data: 94
[9030.000 ns] [Consumer 1] Processed Data: df
[9037.500 ns] [Consumer 2] Processed Data: 64
[9062.500 ns] [Consumer 2] Processed Data: cc
[9070.000 ns] [Consumer 1] Processed Data: cf
[9087.500 ns] [Consumer 2] Processed Data: 9c
[9110.000 ns] [Consumer 1] Processed Data: 9f
[9112.500 ns] [Consumer 2] Processed Data: de
[9137.500 ns] [Consumer 2] Processed Data: ce
[9150.000 ns] [Consumer 1] Processed Data: e1
[9162.500 ns] [Consumer 2] Processed Data: 9e
[9187.500 ns] [Consumer 2] Processed Data: e0
[9190.000 ns] [Consumer 1] Processed Data: d1
[9212.500 ns] [Consumer 2] Processed Data: d0
[9230.000 ns] [Consumer 1] Processed Data: a1
[9237.500 ns] [Consumer 2] Processed Data: a0
[9262.500 ns] [Consumer 2] Processed Data: e2
[9270.000 ns] [Consumer 1] Processed Data: e3
[9287.500 ns] [Consumer 2] Processed Data: d2
[9310.000 ns] [Consumer 1] Processed Data: d3
[9312.500 ns] [Consumer 2] Processed Data: a2
[9337.500 ns] [Consumer 2] Processed Data: e4
[9350.000 ns] [Consumer 1] Processed Data: a3
[9362.500 ns] [Consumer 2] Processed Data: d4
[9387.500 ns] [Consumer 2] Processed Data: a4
[9390.000 ns] [Consumer 1] Processed Data: e5
[9412.500 ns] [Consumer 2] Processed Data: e6
[9430.000 ns] [Consumer 1] Processed Data: d5
[9437.500 ns] [Consumer 2] Processed Data: d6
[9450.000 ns] [Consumer 1] Processed Data: a5
[9462.500 ns] [Consumer 2] Processed Data: a6
[9470.000 ns] [Consumer 1] Processed Data: e7
[9487.500 ns] [Consumer 2] Processed Data: e8
[9490.000 ns] [Consumer 1] Processed Data: d7
[9510.000 ns] [Consumer 1] Processed Data: a7
[9512.500 ns] [Consumer 2] Processed Data: d8
[9530.000 ns] [Consumer 1] Processed Data: e9
[9537.500 ns] [Consumer 2] Processed Data: a8
[9550.000 ns] [Consumer 1] Processed Data: d9
[9562.500 ns] [Consumer 2] Processed Data: ea
[9570.000 ns] [Consumer 1] Processed Data: a9
[9587.500 ns] [Consumer 2] Processed Data: da
[9590.000 ns] [Consumer 1] Processed Data: eb
[9610.000 ns] [Consumer 1] Processed Data: db
[9612.500 ns] [Consumer 2] Processed Data: aa
[9630.000 ns] [Consumer 1] Processed Data: ab
[9662.500 ns] [Consumer 2] Processed Data: ec
[9670.000 ns] [Consumer 1] Processed Data: ed
[9710.000 ns] [Consumer 1] Processed Data: dd
[9712.500 ns] [Consumer 2] Processed Data: dc
[9750.000 ns] [Consumer 1] Processed Data: ad
[9762.500 ns] [Consumer 2] Processed Data: ac
[9790.000 ns] [Consumer 1] Processed Data: ef
[9812.500 ns] [Consumer 2] Processed Data: ee
[9830.000 ns] [Consumer 1] Processed Data: df
[9862.500 ns] [Consumer 2] Processed Data: de
[9870.000 ns] [Consumer 1] Processed Data: af
[9887.500 ns] [Consumer 2] Processed Data: ae
[9910.000 ns] [Consumer 1] Processed Data: f1
[9912.500 ns] [Consumer 2] Processed Data: f0
[9937.500 ns] [Consumer 2] Processed Data: e0
[9950.000 ns] [Consumer 1] Processed Data: e1
[9962.500 ns] [Consumer 2] Processed Data: b0
[9987.500 ns] [Consumer 2] Processed Data: f2
[9990.000 ns] [Consumer 1] Processed Data: b1
[10012.500 ns] [Consumer 2] Processed Data: e2
[10030.000 ns] [Consumer 1] Processed Data: f3
[10037.500 ns] [Consumer 2] Processed Data: b2
[10050.000 ns] [Consumer 1] Processed Data: e3
[10062.500 ns] [Consumer 2] Processed Data: f4
[10070.000 ns] [Consumer 1] Processed Data: b3
[10087.500 ns] [Consumer 2] Processed Data: e4
[10090.000 ns] [Consumer 1] Processed Data: f5
[10110.000 ns] [Consumer 1] Processed Data: e5
[10112.500 ns] [Consumer 2] Processed Data: b4
[10130.000 ns] [Consumer 1] Processed Data: b5
[10137.500 ns] [Consumer 2] Processed Data: f6
[10150.000 ns] [Consumer 1] Processed Data: f7
[10162.500 ns] [Consumer 2] Processed Data: e6
[10170.000 ns] [Consumer 1] Processed Data: e7
[10187.500 ns] [Consumer 2] Processed Data: b6
[10190.000 ns] [Consumer 1] Processed Data: b7
[10210.000 ns] [Consumer 1] Processed Data: f9
[10212.500 ns] [Consumer 2] Processed Data: f8
[10230.000 ns] [Consumer 1] Processed Data: e9
[10237.500 ns] [Consumer 2] Processed Data: e8
[10262.500 ns] [Consumer 2] Processed Data: b8
[10270.000 ns] [Consumer 1] Processed Data: b9
[10287.500 ns] [Consumer 2] Processed Data: fa
[10310.000 ns] [Consumer 1] Processed Data: fb
[10312.500 ns] [Consumer 2] Processed Data: ea
[10337.500 ns] [Consumer 2] Processed Data: ba
[10350.000 ns] [Consumer 1] Processed Data: eb
[10362.500 ns] [Consumer 2] Processed Data: fc
[10390.000 ns] [Consumer 1] Processed Data: bb
[10412.500 ns] [Consumer 2] Processed Data: ec
[10430.000 ns] [Consumer 1] Processed Data: fd
[10462.500 ns] [Consumer 2] Processed Data: bc
[10470.000 ns] [Consumer 1] Processed Data: ed
[10510.000 ns] [Consumer 1] Processed Data: bd
[10512.500 ns] [Consumer 2] Processed Data: fe
[10550.000 ns] [Consumer 1] Processed Data: ff
[10562.500 ns] [Consumer 2] Processed Data: ee
[10590.000 ns] [Consumer 1] Processed Data: ef
[10612.500 ns] [Consumer 2] Processed Data: be
[10630.000 ns] [Consumer 1] Processed Data: bf
[10637.500 ns] [Consumer 2] Processed Data: 00
[10650.000 ns] [Consumer 1] Processed Data: 01
[10662.500 ns] [Consumer 2] Processed Data: f0
[10670.000 ns] [Consumer 1] Processed Data: f1
[10687.500 ns] [Consumer 2] Processed Data: c0
[10690.000 ns] [Consumer 1] Processed Data: c1
[10710.000 ns] [Consumer 1] Processed Data: 03
[10712.500 ns] [Consumer 2] Processed Data: 02
[10730.000 ns] [Consumer 1] Processed Data: f3
[10737.500 ns] [Consumer 2] Processed Data: f2
[10750.000 ns] [Consumer 1] Processed Data: c3
[10762.500 ns] [Consumer 2] Processed Data: c2
[10770.000 ns] [Consumer 1] Processed Data: 05
[10787.500 ns] [Consumer 2] Processed Data: 04
[10790.000 ns] [Consumer 1] Processed Data: f5
[10810.000 ns] [Consumer 1] Processed Data: c5
[10812.500 ns] [Consumer 2] Processed Data: f4
[10830.000 ns] [Consumer 1] Processed Data: 07
[10837.500 ns] [Consumer 2] Processed Data: c4
[10862.500 ns] [Consumer 2] Processed Data: 06
[10870.000 ns] [Consumer 1] Processed Data: f7
[10887.500 ns] [Consumer 2] Processed Data: f6
[10910.000 ns] [Consumer 1] Processed Data: c7
[10912.500 ns] [Consumer 2] Processed Data: c6
[10937.500 ns] [Consumer 2] Processed Data: 08
[10950.000 ns] [Consumer 1] Processed Data: 09
[10962.500 ns] [Consumer 2] Processed Data: f8
[10987.500 ns] [Consumer 2] Processed Data: c8
[10990.000 ns] [Consumer 1] Processed Data: f9
[11012.500 ns] [Consumer 2] Processed Data: 0a
[11030.000 ns] [Consumer 1] Processed Data: c9
[11037.500 ns] [Consumer 2] Processed Data: fa
[11062.500 ns] [Consumer 2] Processed Data: ca
[11070.000 ns] [Consumer 1] Processed Data: 0b
[11087.500 ns] [Consumer 2] Processed Data: 0c
[11110.000 ns] [Consumer 1] Processed Data: fb
[11112.500 ns] [Consumer 2] Processed Data: fc
[11150.000 ns] [Consumer 1] Processed Data: cb
[11162.500 ns] [Consumer 2] Processed Data: cc
[11190.000 ns] [Consumer 1] Processed Data: 0d
[11212.500 ns] [Consumer 2] Processed Data: 0e
[11230.000 ns] [Consumer 1] Processed Data: fd
[11250.000 ns] [Consumer 1] Processed Data: cd
[11262.500 ns] [Consumer 2] Processed Data: fe
[11270.000 ns] [Consumer 1] Processed Data: 0f
[11290.000 ns] [Consumer 1] Processed Data: ff
[11310.000 ns] [Consumer 1] Processed Data: cf
[11312.500 ns] [Consumer 2] Processed Data: ce
[11330.000 ns] [Consumer 1] Processed Data: 11
[11350.000 ns] [Consumer 1] Processed Data: 01
[11362.500 ns] [Consumer 2] Processed Data: 10
[11370.000 ns] [Consumer 1] Processed Data: d1
[11387.500 ns] [Consumer 2] Processed Data: 00
[11390.000 ns] [Consumer 1] Processed Data: 13
[11410.000 ns] [Consumer 1] Processed Data: 03
[11412.500 ns] [Consumer 2] Processed Data: d0
[11430.000 ns] [Consumer 1] Processed Data: d3
[11437.500 ns] [Consumer 2] Processed Data: 12
[11462.500 ns] [Consumer 2] Processed Data: 02
[11470.000 ns] [Consumer 1] Processed Data: 15
[11487.500 ns] [Consumer 2] Processed Data: d2
[11510.000 ns] [Consumer 1] Processed Data: 05
[11512.500 ns] [Consumer 2] Processed Data: 14
[11537.500 ns] [Consumer 2] Processed Data: 04
[11550.000 ns] [Consumer 1] Processed Data: d5
=================================================
SIMULATION COMPLETE. All Fault Scenarios Verified.
=================================================
$finish called at time : 11551 ns : File "D:/OpalFolder/MyOwnProject/FPGA/GALS_System1/GALS_System1.srcs/sources_1/new/tb_gals_mpmc.sv" Line 146
